{"C:\\Users\\beach boy\\Desktop\\WCKD\\TESTING-PRACTICE\\stringLength.js": {"path":"C:\\Users\\beach boy\\Desktop\\WCKD\\TESTING-PRACTICE\\stringLength.js","statementMap":{"0":{"start":{"line":1,"column":20},"end":{"line":8,"column":1}},"1":{"start":{"line":2,"column":17},"end":{"line":2,"column":29}},"2":{"start":{"line":3,"column":4},"end":{"line":7,"column":5}},"3":{"start":{"line":4,"column":8},"end":{"line":4,"column":22}},"4":{"start":{"line":6,"column":8},"end":{"line":6,"column":60}},"5":{"start":{"line":10,"column":0},"end":{"line":10,"column":29}}},"fnMap":{"0":{"name":"(anonymous_0)","decl":{"start":{"line":1,"column":20},"end":{"line":1,"column":21}},"loc":{"start":{"line":1,"column":31},"end":{"line":8,"column":1}},"line":1}},"branchMap":{"0":{"loc":{"start":{"line":3,"column":4},"end":{"line":7,"column":5}},"type":"if","locations":[{"start":{"line":3,"column":4},"end":{"line":7,"column":5}},{"start":{"line":5,"column":9},"end":{"line":7,"column":5}}],"line":3},"1":{"loc":{"start":{"line":3,"column":7},"end":{"line":3,"column":32}},"type":"binary-expr","locations":[{"start":{"line":3,"column":7},"end":{"line":3,"column":17}},{"start":{"line":3,"column":21},"end":{"line":3,"column":32}}],"line":3}},"s":{"0":1,"1":3,"2":3,"3":1,"4":2,"5":1},"f":{"0":3},"b":{"0":[1,2],"1":[3,2]},"_coverageSchema":"1a1c01bbd47fc00a2c39e90264f33305004495a9","hash":"894f50a00224ab926262c677b35360ce5f6a6011"}
}
